unityLibrary/build/intermediates/manifest_merge_blame_file/debug/manifest-merger-blame-debug-report.txt
1<?xml version="1.0" encoding="utf-8"?>
2<manifest xmlns:android="http://schemas.android.com/apk/res/android"
3    xmlns:tools="http://schemas.android.com/tools"
4    package="com.unity3d.player" >
5
6    <uses-sdk
7        android:minSdkVersion="26"
7-->src\main\AndroidManifest.xml
8        android:targetSdkVersion="30" />
8-->src\main\AndroidManifest.xml
9
10    <uses-feature android:glEsVersion="0x00030000" />
10-->src\main\AndroidManifest.xml:46:5-54
10-->src\main\AndroidManifest.xml:46:19-51
11
12    <uses-permission android:name="android.permission.INTERNET" />
12-->src\main\AndroidManifest.xml:47:5-67
12-->src\main\AndroidManifest.xml:47:22-64
13
14    <uses-feature
14-->src\main\AndroidManifest.xml:49:5-51:36
15        android:name="android.hardware.touchscreen"
15-->src\main\AndroidManifest.xml:50:9-52
16        android:required="false" />
16-->src\main\AndroidManifest.xml:51:9-33
17    <uses-feature
17-->src\main\AndroidManifest.xml:52:5-54:36
18        android:name="android.hardware.touchscreen.multitouch"
18-->src\main\AndroidManifest.xml:53:9-63
19        android:required="false" />
19-->src\main\AndroidManifest.xml:54:9-33
20    <uses-feature
20-->src\main\AndroidManifest.xml:55:5-57:36
21        android:name="android.hardware.touchscreen.multitouch.distinct"
21-->src\main\AndroidManifest.xml:56:9-72
22        android:required="false" />
22-->src\main\AndroidManifest.xml:57:9-33
23
24    <uses-permission android:name="android.permission.CAMERA" />
24-->src\main\AndroidManifest.xml:59:5-65
24-->src\main\AndroidManifest.xml:59:22-62
25
26    <uses-feature
26-->src\main\AndroidManifest.xml:61:5-63:35
27        android:name="android.hardware.camera.ar"
27-->src\main\AndroidManifest.xml:62:9-50
28        android:required="true" />
28-->src\main\AndroidManifest.xml:63:9-32
29    <uses-feature
29-->src\main\AndroidManifest.xml:64:5-66:35
30        android:name="com.google.ar.core.depth"
30-->src\main\AndroidManifest.xml:65:9-48
31        android:required="true" />
31-->src\main\AndroidManifest.xml:66:9-32
32
33    <application android:extractNativeLibs="true" >
33-->src\main\AndroidManifest.xml:6:5-45:19
33-->src\main\AndroidManifest.xml:6:18-50
34        <activity
34-->src\main\AndroidManifest.xml:7:9-22:20
35            android:name="com.unity3d.player.UnityPlayerActivity"
35-->src\main\AndroidManifest.xml:8:13-66
36            android:configChanges="mcc|mnc|locale|touchscreen|keyboard|keyboardHidden|navigation|orientation|screenLayout|uiMode|screenSize|smallestScreenSize|fontScale|layoutDirection|density"
36-->src\main\AndroidManifest.xml:12:13-194
37            android:hardwareAccelerated="false"
37-->src\main\AndroidManifest.xml:14:13-48
38            android:launchMode="singleTask"
38-->src\main\AndroidManifest.xml:11:13-44
39            android:resizeableActivity="false"
39-->src\main\AndroidManifest.xml:13:13-47
40            android:screenOrientation="sensorPortrait"
40-->src\main\AndroidManifest.xml:10:13-55
41            android:theme="@style/UnityThemeSelector" >
41-->src\main\AndroidManifest.xml:9:13-54
42            <meta-data
42-->src\main\AndroidManifest.xml:16:13-18:40
43                android:name="unityplayer.UnityActivity"
43-->src\main\AndroidManifest.xml:17:17-57
44                android:value="true" />
44-->src\main\AndroidManifest.xml:18:17-37
45            <meta-data
45-->src\main\AndroidManifest.xml:19:13-21:40
46                android:name="android.notch_support"
46-->src\main\AndroidManifest.xml:20:17-53
47                android:value="true" />
47-->src\main\AndroidManifest.xml:21:17-37
48        </activity>
49
50        <meta-data
50-->src\main\AndroidManifest.xml:24:9-26:33
51            android:name="unity.splash-mode"
51-->src\main\AndroidManifest.xml:25:13-45
52            android:value="0" />
52-->src\main\AndroidManifest.xml:26:13-30
53        <meta-data
53-->src\main\AndroidManifest.xml:27:9-29:36
54            android:name="unity.splash-enable"
54-->src\main\AndroidManifest.xml:28:13-47
55            android:value="True" />
55-->src\main\AndroidManifest.xml:29:13-33
56        <meta-data
56-->src\main\AndroidManifest.xml:30:9-32:36
57            android:name="unity.launch-fullscreen"
57-->src\main\AndroidManifest.xml:31:13-51
58            android:value="True" />
58-->src\main\AndroidManifest.xml:32:13-33
59        <meta-data
59-->src\main\AndroidManifest.xml:33:9-35:37
60            android:name="unity.allow-resizable-window"
60-->src\main\AndroidManifest.xml:34:13-56
61            android:value="False" />
61-->src\main\AndroidManifest.xml:35:13-34
62        <meta-data
62-->src\main\AndroidManifest.xml:36:9-38:50
63            android:name="notch.config"
63-->src\main\AndroidManifest.xml:37:13-40
64            android:value="portrait|landscape" />
64-->src\main\AndroidManifest.xml:38:13-47
65        <meta-data
65-->src\main\AndroidManifest.xml:39:9-41:36
66            android:name="unityplayer.SkipPermissionsDialog"
66-->src\main\AndroidManifest.xml:40:13-61
67            android:value="true" />
67-->src\main\AndroidManifest.xml:41:13-33
68        <meta-data
68-->src\main\AndroidManifest.xml:42:9-44:40
69            android:name="com.google.ar.core"
69-->src\main\AndroidManifest.xml:43:13-46
70            android:value="required" />
70-->src\main\AndroidManifest.xml:44:13-37
71    </application>
72
73</manifest>